[    0.000000] Linux version 4.15.0-121-generic (buildd@lgw01-amd64-034) (gcc version 7.5.0 (Ubuntu 7.5.0-3ubuntu1~18.04)) #123-Ubuntu SMP Mon Oct 5 16:16:40 UTC 2020 (Ubuntu 4.15.0-121.123-generic 4.15.18)
[    0.000000] Command line: BOOT_IMAGE=/boot/vmlinuz-4.15.0-121-generic root=LABEL=cloudimg-rootfs ro console=tty1 console=ttyS0
[    0.000000] KERNEL supported cpus:
[    0.000000]   Intel GenuineIntel
[    0.000000]   AMD AuthenticAMD
[    0.000000]   Centaur CentaurHauls
[    0.000000] x86/fpu: Supporting XSAVE feature 0x001: 'x87 floating point registers'
[    0.000000] x86/fpu: Supporting XSAVE feature 0x002: 'SSE registers'
[    0.000000] x86/fpu: Supporting XSAVE feature 0x004: 'AVX registers'
[    0.000000] x86/fpu: xstate_offset[2]:  576, xstate_sizes[2]:  256
[    0.000000] x86/fpu: Enabled xstate features 0x7, context size is 832 bytes, using 'standard' format.
[    0.000000] e820: BIOS-provided physical RAM map:
[    0.000000] BIOS-e820: [mem 0x0000000000000000-0x000000000009fbff] usable
[    0.000000] BIOS-e820: [mem 0x000000000009fc00-0x000000000009ffff] reserved
[    0.000000] BIOS-e820: [mem 0x00000000000f0000-0x00000000000fffff] reserved
[    0.000000] BIOS-e820: [mem 0x0000000000100000-0x000000000ffeffff] usable
[    0.000000] BIOS-e820: [mem 0x000000000fff0000-0x000000000fffffff] ACPI data
[    0.000000] BIOS-e820: [mem 0x00000000fec00000-0x00000000fec00fff] reserved
[    0.000000] BIOS-e820: [mem 0x00000000fee00000-0x00000000fee00fff] reserved
[    0.000000] BIOS-e820: [mem 0x00000000fffc0000-0x00000000ffffffff] reserved
[    0.000000] NX (Execute Disable) protection: active
[    0.000000] SMBIOS 2.5 present.
[    0.000000] DMI: innotek GmbH VirtualBox/VirtualBox, BIOS VirtualBox 12/01/2006
[    0.000000] Hypervisor detected: KVM
[    0.000000] e820: last_pfn = 0xfff0 max_arch_pfn = 0x400000000
[    0.000000] MTRR: Disabled
[    0.000000] x86/PAT: MTRRs disabled, skipping PAT initialization too.
[    0.000000] CPU MTRRs all blank - virtualized system.
[    0.000000] x86/PAT: Configuration [0-7]: WB  WT  UC- UC  WB  WT  UC- UC  
[    0.000000] found SMP MP-table at [mem 0x0009fff0-0x0009ffff]
[    0.000000] Scanning 1 areas for low memory corruption
[    0.000000] RAMDISK: [mem 0x0db51000-0x0ee16fff]
[    0.000000] ACPI: Early table checksum verification disabled
[    0.000000] ACPI: RSDP 0x00000000000E0000 000024 (v02 VBOX  )
[    0.000000] ACPI: XSDT 0x000000000FFF0030 00003C (v01 VBOX   VBOXXSDT 00000001 ASL  00000061)
[    0.000000] ACPI: FACP 0x000000000FFF00F0 0000F4 (v04 VBOX   VBOXFACP 00000001 ASL  00000061)
[    0.000000] ACPI: DSDT 0x000000000FFF0470 002325 (v02 VBOX   VBOXBIOS 00000002 INTL 20120111)
[    0.000000] ACPI: FACS 0x000000000FFF0200 000040
[    0.000000] ACPI: FACS 0x000000000FFF0200 000040
[    0.000000] ACPI: APIC 0x000000000FFF0240 000054 (v02 VBOX   VBOXAPIC 00000001 ASL  00000061)
[    0.000000] ACPI: SSDT 0x000000000FFF02A0 0001CC (v01 VBOX   VBOXCPUT 00000002 INTL 20120111)
[    0.000000] No NUMA configuration found
[    0.000000] Faking a node at [mem 0x0000000000000000-0x000000000ffeffff]
[    0.000000] NODE_DATA(0) allocated [mem 0x0ffc5000-0x0ffeffff]
[    0.000000] kvm-clock: cpu 0, msr 0:ff44001, primary cpu clock
[    0.000000] kvm-clock: Using msrs 4b564d01 and 4b564d00
[    0.000000] kvm-clock: using sched offset of 4144970769 cycles
[    0.000000] clocksource: kvm-clock: mask: 0xffffffffffffffff max_cycles: 0x1cd42e4dffb, max_idle_ns: 881590591483 ns
[    0.000000] Zone ranges:
[    0.000000]   DMA      [mem 0x0000000000001000-0x0000000000ffffff]
[    0.000000]   DMA32    [mem 0x0000000001000000-0x000000000ffeffff]
[    0.000000]   Normal   empty
[    0.000000]   Device   empty
[    0.000000] Movable zone start for each node
[    0.000000] Early memory node ranges
[    0.000000]   node   0: [mem 0x0000000000001000-0x000000000009efff]
[    0.000000]   node   0: [mem 0x0000000000100000-0x000000000ffeffff]
[    0.000000] Reserved but unavailable: 98 pages
[    0.000000] Initmem setup node 0 [mem 0x0000000000001000-0x000000000ffeffff]
[    0.000000] ACPI: PM-Timer IO Port: 0x4008
[    0.000000] IOAPIC[0]: apic_id 1, version 32, address 0xfec00000, GSI 0-23
[    0.000000] ACPI: INT_SRC_OVR (bus 0 bus_irq 0 global_irq 2 dfl dfl)
[    0.000000] ACPI: INT_SRC_OVR (bus 0 bus_irq 9 global_irq 9 low level)
[    0.000000] Using ACPI (MADT) for SMP configuration information
[    0.000000] smpboot: Allowing 1 CPUs, 0 hotplug CPUs
[    0.000000] PM: Registered nosave memory: [mem 0x00000000-0x00000fff]
[    0.000000] PM: Registered nosave memory: [mem 0x0009f000-0x0009ffff]
[    0.000000] PM: Registered nosave memory: [mem 0x000a0000-0x000effff]
[    0.000000] PM: Registered nosave memory: [mem 0x000f0000-0x000fffff]
[    0.000000] e820: [mem 0x10000000-0xfebfffff] available for PCI devices
[    0.000000] Booting paravirtualized kernel on KVM
[    0.000000] clocksource: refined-jiffies: mask: 0xffffffff max_cycles: 0xffffffff, max_idle_ns: 7645519600211568 ns
[    0.000000] random: get_random_bytes called from start_kernel+0x99/0x500 with crng_init=0
[    0.000000] setup_percpu: NR_CPUS:8192 nr_cpumask_bits:1 nr_cpu_ids:1 nr_node_ids:1
[    0.000000] percpu: Embedded 45 pages/cpu s147456 r8192 d28672 u2097152
[    0.000000] PV qspinlock hash table entries: 256 (order: 0, 4096 bytes)
[    0.000000] Built 1 zonelists, mobility grouping on.  Total pages: 64377
[    0.000000] Policy zone: DMA32
[    0.000000] Kernel command line: BOOT_IMAGE=/boot/vmlinuz-4.15.0-121-generic root=LABEL=cloudimg-rootfs ro console=tty1 console=ttyS0
[    0.000000] Memory: 209060K/261688K available (12300K kernel code, 2482K rwdata, 4272K rodata, 2436K init, 2724K bss, 52628K reserved, 0K cma-reserved)
[    0.000000] SLUB: HWalign=64, Order=0-3, MinObjects=0, CPUs=1, Nodes=1
[    0.000000] Kernel/User page tables isolation: enabled
[    0.000000] ftrace: allocating 39402 entries in 154 pages
[    0.004000] Hierarchical RCU implementation.
[    0.004000] 	RCU restricting CPUs from NR_CPUS=8192 to nr_cpu_ids=1.
[    0.004000] 	Tasks RCU enabled.
[    0.004000] RCU: Adjusting geometry for rcu_fanout_leaf=16, nr_cpu_ids=1
[    0.004000] NR_IRQS: 524544, nr_irqs: 256, preallocated irqs: 16
[    0.004000] Console: colour VGA+ 80x25
[    0.004000] console [tty1] enabled
[    0.004000] console [ttyS0] enabled
[    0.004000] ACPI: Core revision 20170831
[    0.004000] ACPI: 2 ACPI AML tables successfully acquired and loaded
[    0.004000] APIC: Switch to symmetric I/O mode setup
[    0.004000] x2apic enabled
[    0.004000] Switched APIC routing to physical x2apic.
[    0.004000] ..TIMER: vector=0x30 apic1=0 pin1=2 apic2=-1 pin2=-1
[    0.004005] tsc: Detected 2194.918 MHz processor
[    0.005061] Calibrating delay loop (skipped) preset value.. 4389.83 BogoMIPS (lpj=8779672)
[    0.008003] pid_max: default: 32768 minimum: 301
[    0.009132] Security Framework initialized
[    0.010143] Yama: becoming mindful.
[    0.010974] AppArmor: AppArmor initialized
[    0.012067] Dentry cache hash table entries: 32768 (order: 6, 262144 bytes)
[    0.014331] Inode-cache hash table entries: 16384 (order: 5, 131072 bytes)
[    0.016021] Mount-cache hash table entries: 512 (order: 0, 4096 bytes)
[    0.017590] Mountpoint-cache hash table entries: 512 (order: 0, 4096 bytes)
[    0.020017] process: using mwait in idle threads
[    0.021226] Last level iTLB entries: 4KB 1024, 2MB 1024, 4MB 1024
[    0.022843] Last level dTLB entries: 4KB 1024, 2MB 1024, 4MB 1024, 1GB 4
[    0.024004] Spectre V1 : Mitigation: usercopy/swapgs barriers and __user pointer sanitization
[    0.025851] Spectre V2 : Mitigation: Full generic retpoline
[    0.028002] Spectre V2 : Spectre v2 / SpectreRSB mitigation: Filling RSB on context switch
[    0.029955] Speculative Store Bypass: Vulnerable
[    0.031204] SRBDS: Unknown: Dependent on hypervisor status
[    0.032003] MDS: Mitigation: Clear CPU buffers
[    0.055740] Freeing SMP alternatives memory: 36K
[    0.167783] smpboot: CPU0: Intel(R) Core(TM) i7-4770HQ CPU @ 2.20GHz (family: 0x6, model: 0x46, stepping: 0x1)
[    0.168000] Performance Events: unsupported p6 CPU model 70 no PMU driver, software events only.
[    0.168042] Hierarchical SRCU implementation.
[    0.171052] NMI watchdog: Perf event create on CPU 0 failed with -2
[    0.172003] NMI watchdog: Perf NMI watchdog permanently disabled
[    0.173480] smp: Bringing up secondary CPUs ...
[    0.174485] smp: Brought up 1 node, 1 CPU
[    0.176004] smpboot: Max logical packages: 1
[    0.177299] smpboot: Total of 1 processors activated (4389.83 BogoMIPS)
[    0.178921] devtmpfs: initialized
[    0.180060] x86/mm: Memory block size: 128MB
[    0.182027] evm: security.selinux
[    0.182887] evm: security.SMACK64
[    0.184010] evm: security.SMACK64EXEC
[    0.185772] evm: security.SMACK64TRANSMUTE
[    0.186922] evm: security.SMACK64MMAP
[    0.188004] evm: security.apparmor
[    0.188822] evm: security.ima
[    0.189549] evm: security.capability
[    0.190790] clocksource: jiffies: mask: 0xffffffff max_cycles: 0xffffffff, max_idle_ns: 7645041785100000 ns
[    0.192016] futex hash table entries: 256 (order: 2, 16384 bytes)
[    0.193785] pinctrl core: initialized pinctrl subsystem
[    0.196109] RTC time: 14:01:10, date: 06/24/21
[    0.197492] NET: Registered protocol family 16
[    0.198631] audit: initializing netlink subsys (disabled)
[    0.200151] cpuidle: using governor ladder
[    0.201257] cpuidle: using governor menu
[    0.202219] ACPI: bus type PCI registered
[    0.203150] acpiphp: ACPI Hot Plug PCI Controller Driver version: 0.5
[    0.204009] audit: type=2000 audit(1624543276.362:1): state=initialized audit_enabled=0 res=1
[    0.206161] PCI: Using configuration type 1 for base access
[    0.209225] HugeTLB registered 2.00 MiB page size, pre-allocated 0 pages
[    0.211248] ACPI: Added _OSI(Module Device)
[    0.212008] ACPI: Added _OSI(Processor Device)
[    0.213036] ACPI: Added _OSI(3.0 _SCP Extensions)
[    0.214109] ACPI: Added _OSI(Processor Aggregator Device)
[    0.216019] ACPI: Added _OSI(Linux-Dell-Video)
[    0.217125] ACPI: Added _OSI(Linux-Lenovo-NV-HDMI-Audio)
[    0.218544] ACPI: Added _OSI(Linux-HPI-Hybrid-Graphics)
[    0.220455] ACPI: Executed 1 blocks of module-level executable AML code
[    0.225253] ACPI: Interpreter enabled
[    0.226219] ACPI: (supports S0 S5)
[    0.227056] ACPI: Using IOAPIC for interrupt routing
[    0.228326] PCI: Using host bridge windows from ACPI; if necessary, use "pci=nocrs" and report a bug
[    0.230668] ACPI: Enabled 2 GPEs in block 00 to 07
[    0.239208] ACPI: PCI Root Bridge [PCI0] (domain 0000 [bus 00-ff])
[    0.240009] acpi PNP0A03:00: _OSC: OS supports [ASPM ClockPM Segments MSI]
[    0.242319] acpi PNP0A03:00: _OSC: not requesting OS control; OS requires [ExtendedConfig ASPM ClockPM MSI]
[    0.244017] acpi PNP0A03:00: fail to add MMCONFIG information, can't access extended PCI configuration space under this bridge.
[    0.248623] PCI host bridge to bus 0000:00
[    0.249640] pci_bus 0000:00: root bus resource [io  0x0000-0x0cf7 window]
[    0.252007] pci_bus 0000:00: root bus resource [io  0x0d00-0xffff window]
[    0.253656] pci_bus 0000:00: root bus resource [mem 0x000a0000-0x000bffff window]
[    0.255293] pci_bus 0000:00: root bus resource [mem 0x10000000-0xfdffffff window]
[    0.256005] pci_bus 0000:00: root bus resource [bus 00-ff]
[    0.262278] pci 0000:00:01.1: legacy IDE quirk: reg 0x10: [io  0x01f0-0x01f7]
[    0.264007] pci 0000:00:01.1: legacy IDE quirk: reg 0x14: [io  0x03f6]
[    0.265614] pci 0000:00:01.1: legacy IDE quirk: reg 0x18: [io  0x0170-0x0177]
[    0.268006] pci 0000:00:01.1: legacy IDE quirk: reg 0x1c: [io  0x0376]
[    0.285917] pci 0000:00:07.0: quirk: [io  0x4000-0x403f] claimed by PIIX4 ACPI
[    0.287650] pci 0000:00:07.0: quirk: [io  0x4100-0x410f] claimed by PIIX4 SMB
[    0.297280] ACPI: PCI Interrupt Link [LNKA] (IRQs 5 9 10 *11)
[    0.298850] ACPI: PCI Interrupt Link [LNKB] (IRQs 5 9 *10 11)
[    0.300127] ACPI: PCI Interrupt Link [LNKC] (IRQs 5 *9 10 11)
[    0.301891] ACPI: PCI Interrupt Link [LNKD] (IRQs 5 9 10 *11)
[    0.303461] SCSI subsystem initialized
[    0.304133] pci 0000:00:02.0: vgaarb: setting as boot VGA device
[    0.305549] pci 0000:00:02.0: vgaarb: VGA device added: decodes=io+mem,owns=io+mem,locks=none
[    0.307429] pci 0000:00:02.0: vgaarb: bridge control possible
[    0.308006] vgaarb: loaded
[    0.309041] ACPI: bus type USB registered
[    0.310087] usbcore: registered new interface driver usbfs
[    0.312017] usbcore: registered new interface driver hub
[    0.313478] usbcore: registered new device driver usb
[    0.314720] EDAC MC: Ver: 3.0.0
[    0.316414] PCI: Using ACPI for IRQ routing
[    0.317761] NetLabel: Initializing
[    0.318557] NetLabel:  domain hash size = 128
[    0.319612] NetLabel:  protocols = UNLABELED CIPSOv4 CALIPSO
[    0.320039] NetLabel:  unlabeled traffic allowed by default
[    0.321474] clocksource: Switched to clocksource kvm-clock
[    0.334226] VFS: Disk quotas dquot_6.6.0
[    0.335185] VFS: Dquot-cache hash table entries: 512 (order 0, 4096 bytes)
[    0.336811] AppArmor: AppArmor Filesystem Enabled
[    0.337972] pnp: PnP ACPI init
[    0.340674] pnp: PnP ACPI: found 3 devices
[    0.348900] clocksource: acpi_pm: mask: 0xffffff max_cycles: 0xffffff, max_idle_ns: 2085701024 ns
[    0.351946] NET: Registered protocol family 2
[    0.353231] TCP established hash table entries: 2048 (order: 2, 16384 bytes)
[    0.355023] TCP bind hash table entries: 2048 (order: 3, 32768 bytes)
[    0.356638] TCP: Hash tables configured (established 2048 bind 2048)
[    0.358648] UDP hash table entries: 256 (order: 1, 8192 bytes)
[    0.360056] UDP-Lite hash table entries: 256 (order: 1, 8192 bytes)
[    0.361755] NET: Registered protocol family 1
[    0.362823] pci 0000:00:00.0: Limiting direct PCI/PCI transfers
[    0.364206] pci 0000:00:01.0: Activating ISA DMA hang workarounds
[    0.365592] pci 0000:00:02.0: Video device with shadowed ROM at [mem 0x000c0000-0x000dffff]
[    0.369204] Unpacking initramfs...
[    0.688850] Freeing initrd memory: 19224K
[    0.690083] clocksource: tsc: mask: 0xffffffffffffffff max_cycles: 0x1fa37202099, max_idle_ns: 440795206796 ns
[    0.693022] platform rtc_cmos: registered platform RTC device (no PNP device found)
[    0.695087] Scanning for low memory corruption every 60 seconds
[    0.697107] Initialise system trusted keyrings
[    0.698247] Key type blacklist registered
[    0.699192] workingset: timestamp_bits=36 max_order=16 bucket_order=0
[    0.701747] zbud: loaded
[    0.702841] squashfs: version 4.0 (2009/01/31) Phillip Lougher
[    0.704399] fuse init (API version 7.26)
[    0.706894] Key type asymmetric registered
[    0.708814] Asymmetric key parser 'x509' registered
[    0.710250] Block layer SCSI generic (bsg) driver version 0.4 loaded (major 246)
[    0.712115] io scheduler noop registered
[    0.713107] io scheduler deadline registered
[    0.714173] io scheduler cfq registered (default)
[    0.715978] ACPI: AC Adapter [AC] (on-line)
[    0.718456] input: Power Button as /devices/LNXSYSTM:00/LNXPWRBN:00/input/input0
[    0.720194] ACPI: Power Button [PWRF]
[    0.721360] input: Sleep Button as /devices/LNXSYSTM:00/LNXSLPBN:00/input/input1
[    0.723303] ACPI: Sleep Button [SLPF]
[    0.725963] ACPI: Battery Slot [BAT0] (battery present)
[    0.727339] Serial: 8250/16550 driver, 32 ports, IRQ sharing enabled
[    0.750643] 00:02: ttyS0 at I/O 0x3f8 (irq = 4, base_baud = 115200) is a 16550A
[    0.753452] Linux agpgart interface v0.103
[    0.756633] loop: module loaded
[    0.758315] scsi host0: ata_piix
[    0.759200] scsi host1: ata_piix
[    0.760117] ata1: PATA max UDMA/33 cmd 0x1f0 ctl 0x3f6 bmdma 0xd000 irq 14
[    0.762007] ata2: PATA max UDMA/33 cmd 0x170 ctl 0x376 bmdma 0xd008 irq 15
[    0.764159] libphy: Fixed MDIO Bus: probed
[    0.765167] tun: Universal TUN/TAP device driver, 1.6
[    0.766342] PPP generic driver version 2.4.2
[    0.767291] ehci_hcd: USB 2.0 'Enhanced' Host Controller (EHCI) Driver
[    0.768695] ehci-pci: EHCI PCI platform driver
[    0.769783] ehci-platform: EHCI generic platform driver
[    0.771199] ohci_hcd: USB 1.1 'Open' Host Controller (OHCI) Driver
[    0.773117] ohci-pci: OHCI PCI platform driver
[    0.774989] ohci-pci 0000:00:06.0: OHCI PCI host controller
[    0.776447] ohci-pci 0000:00:06.0: new USB bus registered, assigned bus number 1
[    0.778549] ohci-pci 0000:00:06.0: irq 22, io mem 0xf0804000
[    0.841738] usb usb1: New USB device found, idVendor=1d6b, idProduct=0001
[    0.847816] usb usb1: New USB device strings: Mfr=3, Product=2, SerialNumber=1
[    0.850034] usb usb1: Product: OHCI PCI host controller
[    0.851355] usb usb1: Manufacturer: Linux 4.15.0-121-generic ohci_hcd
[    0.852876] usb usb1: SerialNumber: 0000:00:06.0
[    0.854070] hub 1-0:1.0: USB hub found
[    0.854937] hub 1-0:1.0: 12 ports detected
[    0.856366] ohci-platform: OHCI generic platform driver
[    0.857770] uhci_hcd: USB Universal Host Controller Interface driver
[    0.859494] i8042: PNP: PS/2 Controller [PNP0303:PS2K,PNP0f03:PS2M] at 0x60,0x64 irq 1,12
[    0.862316] serio: i8042 KBD port at 0x60,0x64 irq 1
[    0.863589] serio: i8042 AUX port at 0x60,0x64 irq 12
[    0.864879] mousedev: PS/2 mouse device common for all mice
[    0.866706] input: AT Translated Set 2 keyboard as /devices/platform/i8042/serio0/input/input2
[    0.869336] rtc_cmos rtc_cmos: rtc core: registered rtc_cmos as rtc0
[    0.870826] rtc_cmos rtc_cmos: alarms up to one day, 114 bytes nvram
[    0.872343] i2c /dev entries driver
[    0.873300] device-mapper: uevent: version 1.0.3
[    0.874660] device-mapper: ioctl: 4.37.0-ioctl (2017-09-20) initialised: dm-devel@redhat.com
[    0.876928] ledtrig-cpu: registered to indicate activity on CPUs
[    0.878795] NET: Registered protocol family 10
[    0.885736] Segment Routing with IPv6
[    0.886921] NET: Registered protocol family 17
[    0.888297] Key type dns_resolver registered
[    0.890022] mce: Using 0 MCE banks
[    0.890964] RAS: Correctable Errors collector initialized.
[    0.892480] sched_clock: Marking stable (892404809, 0)->(1093829347, -201424538)
[    0.894474] registered taskstats version 1
[    0.895426] Loading compiled-in X.509 certificates
[    0.898758] Loaded X.509 cert 'Build time autogenerated kernel key: 517b2180bafe62ad6f81db3336688475b28504c0'
[    0.901059] zswap: loaded using pool lzo/zbud
[    0.904939] Key type big_key registered
[    0.906149] Key type trusted registered
[    0.908331] Key type encrypted registered
[    0.909456] AppArmor: AppArmor sha1 policy hashing enabled
[    0.910679] ima: No TPM chip found, activating TPM-bypass! (rc=-19)
[    0.912044] ima: Allocated hash algorithm: sha1
[    0.913110] evm: HMAC attrs: 0x1
[    0.914205]   Magic number: 9:250:31
[    0.915103] rtc_cmos rtc_cmos: setting system clock to 2021-06-24 14:01:11 UTC (1624543271)
[    0.949963] BIOS EDD facility v0.16 2004-Jun-25, 0 devices found
[    0.951865] EDD information not available.
[    0.955317] Freeing unused kernel image memory: 2436K
[    0.964560] Write protecting the kernel read-only data: 20480k
[    0.966667] Freeing unused kernel image memory: 2008K
[    0.968269] Freeing unused kernel image memory: 1872K
[    0.976703] x86/mm: Checked W+X mappings: passed, no W+X pages found.
[    0.978624] x86/mm: Checking user space page tables
[    0.988036] x86/mm: Checked W+X mappings: passed, no W+X pages found.
Loading, please wait...
starting version 237
[    1.101652] e1000: Intel(R) PRO/1000 Network Driver - version 7.3.21-k8-NAPI
[    1.103266] e1000: Copyright (c) 1999-2006 Intel Corporation.
[    1.110584] Fusion MPT base driver 3.04.20
[    1.111619] Copyright (c) 1999-2008 LSI Corporation
[    1.138025] Fusion MPT SPI Host driver 3.04.20
[    1.159118] AVX2 version of gcm_enc/dec engaged.
[    1.160277] AES CTR mode by8 optimization enabled
[    1.334246] input: ImExPS/2 Generic Explorer Mouse as /devices/platform/i8042/serio1/input/input4
[    1.587096] e1000 0000:00:03.0 eth0: (PCI:33MHz:32-bit) 02:c6:b0:25:69:cb
[    1.589739] e1000 0000:00:03.0 eth0: Intel(R) PRO/1000 Network Connection
[    1.593002] mptbase: ioc0: Initiating bringup
[    1.688742] ioc0: LSI53C1030 A0: Capabilities={Initiator}
[    1.931365] scsi host2: ioc0: LSI53C1030 A0, FwRev=00000000h, Ports=1, MaxQ=256, IRQ=20
[    2.101039] scsi 2:0:0:0: Direct-Access     VBOX     HARDDISK         1.0  PQ: 0 ANSI: 5
[    2.103472] scsi target2:0:0: Beginning Domain Validation
[    2.109253] random: fast init done
[    2.110784] scsi target2:0:0: Domain Validation skipping write tests
[    2.112215] scsi target2:0:0: Ending Domain Validation
[    2.113628] scsi target2:0:0: asynchronous
[    2.115501] scsi 2:0:1:0: Direct-Access     VBOX     HARDDISK         1.0  PQ: 0 ANSI: 5
[    2.117395] scsi target2:0:1: Beginning Domain Validation
[    2.121019] scsi target2:0:1: Domain Validation skipping write tests
[    2.122728] scsi target2:0:1: Ending Domain Validation
[    2.124233] scsi target2:0:1: asynchronous
[    2.130239] random: systemd-udevd: uninitialized urandom read (16 bytes read)
[    2.131767] random: systemd-udevd: uninitialized urandom read (16 bytes read)
[    2.133671] sd 2:0:0:0: Attached scsi generic sg0 type 0
[    2.135049] random: systemd-udevd: uninitialized urandom read (16 bytes read)
[    2.137435] sd 2:0:0:0: [sda] 20971520 512-byte logical blocks: (10.7 GB/10.0 GiB)
[    2.139476] sd 2:0:0:0: [sda] Write Protect is off
[    2.140860] sd 2:0:1:0: Attached scsi generic sg1 type 0
[    2.143513] sd 2:0:0:0: [sda] Incomplete mode parameter data
[    2.144905] sd 2:0:0:0: [sda] Assuming drive cache: write through
[    2.146455] sd 2:0:1:0: [sdb] 20480 512-byte logical blocks: (10.5 MB/10.0 MiB)
[    2.153462] sd 2:0:1:0: [sdb] Write Protect is off
[    2.155118] sd 2:0:1:0: [sdb] Incomplete mode parameter data
[    2.156657] sd 2:0:1:0: [sdb] Assuming drive cache: write through
[    2.160384]  sda: sda1
[    2.162884] sd 2:0:0:0: [sda] Attached SCSI disk
[    2.170527] sd 2:0:1:0: [sdb] Attached SCSI disk
[    2.582249] e1000 0000:00:08.0 eth1: (PCI:33MHz:32-bit) 08:00:27:d9:f3:f6
[    2.583777] e1000 0000:00:08.0 eth1: Intel(R) PRO/1000 Network Connection
[    2.587079] e1000 0000:00:08.0 enp0s8: renamed from eth1
[    2.590588] e1000 0000:00:03.0 enp0s3: renamed from eth0
Begin: Loading essential drivers ... [    4.064103] raid6: sse2x1   gen()  9058 MB/s
[    4.112534] raid6: sse2x1   xor()  6400 MB/s
[    4.160092] raid6: sse2x2   gen() 10930 MB/s
[    4.208099] raid6: sse2x2   xor()  7330 MB/s
[    4.256656] raid6: sse2x4   gen() 13389 MB/s
[    4.304439] raid6: sse2x4   xor()  8160 MB/s
[    4.352270] raid6: avx2x1   gen() 17258 MB/s
[    4.400172] raid6: avx2x1   xor() 11954 MB/s
[    4.448141] raid6: avx2x2   gen() 20272 MB/s
[    4.496081] raid6: avx2x2   xor() 11822 MB/s
[    4.544292] raid6: avx2x4   gen() 20054 MB/s
[    4.596117] raid6: avx2x4   xor() 12794 MB/s
[    4.597168] raid6: using algorithm avx2x2 gen() 20272 MB/s
[    4.598423] raid6: .... xor() 11822 MB/s, rmw enabled
[    4.599555] raid6: using avx2x2 recovery algorithm
[    4.602782] xor: automatically using best checksumming function   avx       
[    4.605770] async_tx: api initialized (async)
done.
Begin: Running /scripts/init-premount ... done.
Begin: Mounting root file system ... Begin: Running /scripts/local-top ... done.
Begin: Running /scripts/local-premount ... [    4.663738] Btrfs loaded, crc32c=crc32c-intel
Scanning for Btrfs filesystems
done.
Warning: fsck not present, so skipping root file system
[    4.693514] EXT4-fs (sda1): mounted filesystem with ordered data mode. Opts: (null)
done.
Begin: Running /scripts/local-bottom ... done.
Begin: Running /scripts/init-bottom ... done.
[    4.828304] ip_tables: (C) 2000-2006 Netfilter Core Team
[    4.835714] systemd[1]: systemd 237 running in system mode. (+PAM +AUDIT +SELINUX +IMA +APPARMOR +SMACK +SYSVINIT +UTMP +LIBCRYPTSETUP +GCRYPT +GNUTLS +ACL +XZ +LZ4 +SECCOMP +BLKID +ELFUTILS +KMOD -IDN2 +IDN -PCRE2 default-hierarchy=hybrid)
[    4.840761] systemd[1]: Detected virtualization oracle.
[    4.844568] systemd[1]: Detected architecture x86-64.

Welcome to [1mUbuntu 18.04.5 LTS[0m!

[    4.849352] systemd[1]: Set hostname to <ubuntu>.
[    4.853975] systemd[1]: Initializing machine ID from random generator.
[    4.855370] systemd[1]: Installed transient /etc/machine-id file.
[    5.146131] systemd[1]: Started Forward Password Requests to Wall Directory Watch.
[[0;32m  OK  [0m] Started Forward Password Requests to Wall Directory Watch.
[    5.149734] systemd[1]: Reached target Swap.
[[0;32m  OK  [0m] Reached target Swap.
[    5.152181] systemd[1]: Created slice User and Session Slice.
[[0;32m  OK  [0m] Created slice User and Session Slice.
[    5.154411] systemd[1]: Reached target System Time Synchronized.
[[0;32m  OK  [0m] Reached target System Time Synchronized.
[[0;32m  OK  [0m] Set up automount Arbitrary Executab…rmats File System Automount Point.
[[0;32m  OK  [0m] Reached target User and Group Name Lookups.
[[0;32m  OK  [0m] Created slice System Slice.
[[0;32m  OK  [0m] Created slice system-serial\x2dgetty.slice.
[[0;32m  OK  [0m] Listening on LVM2 metadata daemon socket.
[[0;32m  OK  [0m] Listening on /dev/initctl Compatibility Named Pipe.
[[0;32m  OK  [0m] Reached target Slices.
[[0;32m  OK  [0m] Listening on Journal Socket (/dev/log).
[[0;32m  OK  [0m] Listening on udev Control Socket.
[[0;32m  OK  [0m] Listening on Journal Socket.
         Mounting POSIX Message Queue File System...
         Starting Remount Root and Kernel File Systems...
         Mounting Kernel Debug File System...
         [    5.204250] EXT4-fs (sda1): re-mounted. Opts: (null)
Starting Set the console keyboard layout...
         Starting Load Kernel Modules...
         Mounting Huge Pages File System...
[[0;32m  OK  [0m] Listening on LVM2 poll daemon socket.
[[0;32m  OK  [0m] Listening on udev Kernel Socket.
[    5.245614] Loading iSCSI transport class v2.0-870.
[    5.251526] iscsi: registered transport (tcp)
         Starting udev Coldplug all Devices...
         Starting Create list of required st…ce nodes for the current kernel...
[[0;32m  OK  [0m] Listening on Device-mapper event daemon FIFOs.
[    5.275736] iscsi: registered transport (iser)
         Starting Uncomplicated firewall...
[[0;32m  OK  [0m] Listening on Journal Audit Socket.
[[0;32m  OK  [0m] Listening on Network Service Netlink Socket.
[[0;32m  OK  [0m] Listening on Syslog Socket.
         Starting Journal Service...
         Starting Monitoring of LVM2 mirrors…ng dmeventd or progress polling...
[[0;32m  OK  [0m] Mounted POSIX Message Queue File System.
[[0;32m  OK  [0m] Started Remount Root and Kernel File Systems.
[[0;32m  OK  [0m] Mounted Kernel Debug File System.
[[0;32m  OK  [0m] Started Load Kernel Modules.
[[0;32m  OK  [0m] Mounted Huge Pages File System.
[[0;32m  OK  [0m] Started Create list of required sta…vice nodes for the current kernel.
[[0;32m  OK  [0m] Started Uncomplicated firewall.
         Starting Create Static Device Nodes in /dev...
         Mounting Kernel Configuration File System...
         Mounting FUSE Control File System...
         Starting Apply Kernel Variables...
         Starting Load/Save Random Seed...
[[0;32m  OK  [0m] Mounted Kernel Configuration File System.
[[0;32m  OK  [0m] Mounted FUSE Control File System.
[[0;32m  OK  [0m] Started Create Static Device Nodes in /dev.
[[0;32m  OK  [0m] Started Load/Save Random Seed.
[[0;32m  OK  [0m] Started LVM2 metadata daemon.
         Starting udev Kernel Device Manager...
[[0;32m  OK  [0m] Started Apply Kernel Variables.
[[0;32m  OK  [0m] Started udev Kernel Device Manager.
[[0;32m  OK  [0m] Started udev Coldplug all Devices.
[[0;32m  OK  [0m] Started Monitoring of LVM2 mirrors,…sing dmeventd or progress polling.
[[0;32m  OK  [0m] Started Journal Service.
         Starting Flush Journal to Persistent Storage...
[[0;32m  OK  [0m] Started Flush Journal to Persistent Storage.
[[0;32m  OK  [0m] Started Set the console keyboard layout.
[[0;32m  OK  [0m] Started Dispatch Password Requests to Console Directory Watch.
[[0;32m  OK  [0m] Reached target Local Encrypted Volumes.
[[0;32m  OK  [0m] Reached target Local File Systems (Pre).
[[0;32m  OK  [0m] Reached target Local File Systems.
         Starting Set console font and keymap...
         Starting ebtables ruleset management...
         Starting Tell Plymouth To Write Out Runtime Data...
         Starting Create Volatile Files and Directories...
         Starting Commit a transient machine-id on disk...
         Starting AppArmor initialization...
[[0;32m  OK  [0m] Started Set console font and keymap.
[[0;32m  OK  [0m] Started Tell Plymouth To Write Out Runtime Data.
[[0;32m  OK  [0m] Started Commit a transient machine-id on disk.
[[0;32m  OK  [0m] Started Create Volatile Files and Directories.
         Starting Update UTMP about System Boot/Shutdown...
[[0;32m  OK  [0m] Started Update UTMP about System Boot/Shutdown.
[[0;32m  OK  [0m] Started ebtables ruleset management.
[[0;32m  OK  [0m] Found device /dev/ttyS0.
[[0;32m  OK  [0m] Listening on Load/Save RF Kill Switch Status /dev/rfkill Watch.
[[0;32m  OK  [0m] Started AppArmor initialization.
         Starting Load AppArmor profiles managed internally by snapd...
         Starting Initial cloud-init job (pre-networking)...
[[0;32m  OK  [0m] Started Load AppArmor profiles managed internally by snapd.
[    8.603993] cloud-init[561]: Cloud-init v. 20.3-2-g371b392c-0ubuntu1~18.04.1 running 'init-local' at Thu, 24 Jun 2021 14:01:18 +0000. Up 8.21 seconds.
[[0;32m  OK  [0m] Started Initial cloud-init job (pre-networking).
[[0;32m  OK  [0m] Reached target Network (Pre).
         Starting Network Service...
[[0;32m  OK  [0m] Started Network Service.
         Starting Network Name Resolution...
         Starting Wait for Network to be Configured...
[[0;32m  OK  [0m] Started Network Name Resolution.
[[0;32m  OK  [0m] Reached target Host and Network Name Lookups.
[[0;32m  OK  [0m] Reached target Network.
[[0;32m  OK  [0m] Started Wait for Network to be Configured.
         Starting Initial cloud-init job (metadata service crawler)...
[   11.346039] cloud-init[645]: Cloud-init v. 20.3-2-g371b392c-0ubuntu1~18.04.1 running 'init' at Thu, 24 Jun 2021 14:01:21 +0000. Up 11.17 seconds.
[   11.353890] cloud-init[645]: ci-info: ++++++++++++++++++++++++++++++++++++++Net device info+++++++++++++++++++++++++++++++++++++++
[   11.369905] cloud-init[645]: ci-info: +--------+-------+----------------------------+---------------+--------+-------------------+
[   11.374416] cloud-init[645]: ci-info: | Device |   Up  |          Address           |      Mask     | Scope  |     Hw-Address    |
[   11.384811] cloud-init[645]: ci-info: +--------+-------+----------------------------+---------------+--------+-------------------+
[   11.390975] cloud-init[645]: ci-info: | enp0s3 |  True |         10.0.2.15          | 255.255.255.0 | global | 02:c6:b0:25:69:cb |
[   11.398692] cloud-init[645]: ci-info: | enp0s3 |  True | fe80::c6:b0ff:fe25:69cb/64 |       .       |  link  | 02:c6:b0:25:69:cb |
[   11.402303] cloud-init[645]: ci-info: | enp0s8 | False |             .              |       .       |   .    | 08:00:27:d9:f3:f6 |
[   11.405846] cloud-init[645]: ci-info: |   lo   |  True |         127.0.0.1          |   255.0.0.0   |  host  |         .         |
[   11.412325] cloud-init[645]: ci-info: |   lo   |  True |          ::1/128           |       .       |  host  |         .         |
[   11.417844] cloud-init[645]: ci-info: +--------+-------+----------------------------+---------------+--------+-------------------+
[   11.422313] cloud-init[645]: ci-info: ++++++++++++++++++++++++++++Route IPv4 info+++++++++++++++++++++++++++++
[   11.424465] cloud-init[645]: ci-info: +-------+-------------+----------+-----------------+-----------+-------+
[   11.429469] cloud-init[645]: ci-info: | Route | Destination | Gateway  |     Genmask     | Interface | Flags |
[   11.432460] cloud-init[645]: ci-info: +-------+-------------+----------+-----------------+-----------+-------+
[   11.435711] cloud-init[645]: ci-info: |   0   |   0.0.0.0   | 10.0.2.2 |     0.0.0.0     |   enp0s3  |   UG  |
[   11.439702] cloud-init[645]: ci-info: |   1   |   10.0.2.0  | 0.0.0.0  |  255.255.255.0  |   enp0s3  |   U   |
[   11.444189] cloud-init[645]: ci-info: |   2   |   10.0.2.2  | 0.0.0.0  | 255.255.255.255 |   enp0s3  |   UH  |
[   11.447391] cloud-init[645]: ci-info: +-------+-------------+----------+-----------------+-----------+-------+
[   11.459164] cloud-init[645]: ci-info: +++++++++++++++++++Route IPv6 info+++++++++++++++++++
[   11.464184] cloud-init[645]: ci-info: +-------+-------------+---------+-----------+-------+
[   11.476341] cloud-init[645]: ci-info: | Route | Destination | Gateway | Interface | Flags |
[   11.488816] cloud-init[645]: ci-info: +-------+-------------+---------+-----------+-------+
[   11.500333] cloud-init[645]: ci-info: |   1   |  fe80::/64  |    ::   |   enp0s3  |   U   |
[   11.512267] cloud-init[645]: ci-info: |   3   |    local    |    ::   |   enp0s3  |   U   |
[   11.513767] cloud-init[645]: ci-info: |   4   |   ff00::/8  |    ::   |   enp0s3  |   U   |
[   11.529981] cloud-init[645]: ci-info: +-------+-------------+---------+-----------+-------+
[   12.183838] cloud-init[645]: Generating public/private rsa key pair.
[   12.196720] cloud-init[645]: Your identification has been saved in /etc/ssh/ssh_host_rsa_key.
[   12.205141] cloud-init[645]: Your public key has been saved in /etc/ssh/ssh_host_rsa_key.pub.
[   12.212774] cloud-init[645]: The key fingerprint is:
[   12.213813] cloud-init[645]: SHA256:M71ZafrAMbURUlmG0G0EviZRv/QKe+KJy604r7klu3Y root@ubuntu-bionic
[   12.215278] cloud-init[645]: The key's randomart image is:
[   12.221095] cloud-init[645]: +---[RSA 2048]----+
[   12.232402] cloud-init[645]: |          o+=B+  |
[   12.244353] cloud-init[645]: |           +++o  |
[   12.245315] cloud-init[645]: |          . +.o  |
[   12.256487] cloud-init[645]: |         . o * o |
[   12.259321] cloud-init[645]: |        S = O . .|
[   12.264945] cloud-init[645]: |         + @ o . |
[   12.276260] cloud-init[645]: |        . B o o  |
[   12.284697] cloud-init[645]: |        oBE* +   |
[   12.286795] cloud-init[645]: |       .BB*o=    |
[   12.288386] cloud-init[645]: +----[SHA256]-----+
[   12.290248] cloud-init[645]: Generating public/private dsa key pair.
[   12.292123] cloud-init[645]: Your identification has been saved in /etc/ssh/ssh_host_dsa_key.
[   12.299443] cloud-init[645]: Your public key has been saved in /etc/ssh/ssh_host_dsa_key.pub.
[   12.304203] cloud-init[645]: The key fingerprint is:
[   12.305245] cloud-init[645]: SHA256:51FvKfkO2rIHaMKonrYdvWlNQ2BYyrErXyWDjZkwYEY root@ubuntu-bionic
[   12.308204] cloud-init[645]: The key's randomart image is:
[   12.312358] cloud-init[645]: +---[DSA 1024]----+
[   12.313945] cloud-init[645]: |oEo .o.          |
[   12.320461] cloud-init[645]: |o  +.Xo          |
[   12.322328] cloud-init[645]: |    O.+..   .    |
[   12.323442] cloud-init[645]: |     . +.  . o . |
[   12.329389] cloud-init[645]: |  . .o..S.o o +  |
[   12.331322] cloud-init[645]: |   o.oo =o.. +   |
[   12.336587] cloud-init[645]: |   .o .= .... .  |
[   12.338084] cloud-init[645]: |  oo ..o. .o.o   |
[   12.339571] cloud-init[645]: | o+...o   o+. .  |
[   12.345295] cloud-init[645]: +----[SHA256]-----+
[   12.347504] cloud-init[645]: Generating public/private ecdsa key pair.
[   12.352495] cloud-init[645]: Your identification has been saved in /etc/ssh/ssh_host_ecdsa_key.
[[0;32m  OK  [0m] Started Initial cloud-init job (metadata service crawler).
[[0;32m  OK  [0m] Reached target Network is Online.
[   12.369665] cloud-init[645]:          Starting Availability of block devices...
[[0;32m  OK  [0m] Reached target Remote File Systems (Pre).
[[0;32m  OK  [0m] Reached target Remote File Systems.
[[0;32m  OK  [0m] Reached target System Initialization.
[[0;32m  OK  [0m] Listening on D-Bus System Message Bus Socket.
[[0;32m  OK  [0m] Listening on ACPID Listen Socket.
Your public key has been saved in /etc/ssh/ssh_host_ecdsa_key.pub.
[[0;32m  OK  [0m] Started ACPI Events Check.
[   12.389431] cloud-init[645]: The key fingerprint is:
         Starting LXD - unix socket.
         Starting Socket activation for snappy daemon.
[[0;32m  OK  [0m] Started Daily apt download activities.
[[0;32m  OK  [0m] Started Daily apt upgrade and clean activities.
[   12.396197] cloud-init[645]: SHA256:ATs0ccD/GIDtKFEPhGgFWAj5reij3Z36s6pV7K5r4ZU root@ubuntu-bionic
[   12.425471] cloud-init[645]: The key's randomart image is:
[[0;32m  OK  [0m] Listening on Open-iSCSI iscsid Socket.
[   12.430436] cloud-init[645]: +---[ECDSA 256]---+
[   12.432341] cloud-init[645]: |+*+=++*o.        |
[[0;32m  OK  [0m] Started Message of the Day.
[[0;32m  OK  [0m] Listening on UUID daemon activation socket.[   12.435870] cloud-init[645]: |=.o .++=         |
[   12.440432] cloud-init[645]: |.. o o+o.        |
[   12.440646] cloud-init[645]: |  o o...o.       |
[   12.440732] cloud-init[645]: | . o  o.S+       |
[   12.440831] cloud-init[645]: |. . .oE . .      |
[   12.440907] cloud-init[645]: |.  ..o.          |
[   12.441140] cloud-init[645]: | + ooo..         |
[   12.443845] cloud-init[645]: |o +o***o         |

[[0;32m  OK  [0m] Started Discard unused blocks once a week.
[[0;32m  OK  [0m[   12.456600] cloud-init[645]: +----[SHA256]-----+
[   12.458845] cloud-init[645]: ] Reached target Paths.
[[0;32m  OK  [0m] Started Daily Cleanup of Temporary Directories.
Generating public/private ed25519 key pair.
[   12.465839] cloud-init[645]: Your identification has been saved in /etc/ssh/ssh_host_ed25519_key.
[   12.469124] cloud-init[645]: Your public key has been saved in /etc/ssh/ssh_host_ed25519_key.pub.
[[0;32m  OK  [0m] Reached target Timers.[   12.472604] cloud-init[645]: The key fingerprint is:
[   12.473728] cloud-init[645]: SHA256:JJO+vfVvQOCCkvbfTXZ0dl6+a9661hPzQfHRcOL6nug root@ubuntu-bionic
[   12.476113] 
[[0;32m  OK  [0m] Reached target Cloud-config availability.
[[0;32m  OK  [0m] Started Availability of block devices.cloud-init[645]: The key's randomart image is:
[[0;32m  OK  [0m] Listening on LXD - unix socket.
[[0;32m  OK  [0m] Listening on Socket activation for snappy daemon.
[[0;32m  OK  [0m] Reached target Sockets.
[[0;32m  OK  [0m] Reached target Basic System.

[   12.500453] cloud-init[645]: +--[ED25519 256]--+
         Starting System Logging Service...
[   12.508625] cloud-init[645]: |              o.o|
[[0;32m  OK  [0m] Started irqbalance daemon.
[[0;32m  OK  [0m] Started Regular background program processing daemon.
         Starting LSB: Record successful boot for GRUB...
[[0;32m  OK  [0m] Started D-Bus System Message Bus.
[   12.535974] cloud-init[645]: |       .  .  . =.|
[   12.545638] cloud-init[645]: |     .+... .  . +|
[   12.556744] cloud-init[645]: |    +..+. . ....*|
[   12.558313] cloud-init[645]: |   . o. S. ....=o|
[   12.560249] cloud-init[645]: |      .o    +..+o|
[   12.566918] cloud-init[645]: |      .....+ o..*|
[   12.571106] cloud-init[645]: |        .o...oo=+|
[   12.584901] cloud-init[645]: |        .  .E+O=+|
[   12.591005] cloud-init[645]: +----[SHA256]-----+
         Starting Dispatcher daemon for systemd-networkd...
[[0;32m  OK  [0m] Started FUSE filesystem for LXC.
         Starting Login Service...
[[0;32m  OK  [0m] Started Deferred execution scheduler.
         Starting LSB: automatic crash report generation...
         Starting Permit User Sessions...
         Starting Pollinate to seed the pseudo random number generator...
         Starting Accounts Service...
         Starting Snap Daemon...
         Starting Virtualbox guest utils...
         Starting LXD - container startup/shutdown...
[[0;32m  OK  [0m] Started System Logging Service.
[[0;32m  OK  [0m] Started Permit User Sessions.
         Starting Terminate Plymouth Boot Screen...
         Starting Hold until boot process finishes up...
[[0;32m  OK  [0m] Started Terminate Plymouth Boot Screen.
[[0;32m  OK  [0m] Started Hold until boot process finishes up.
[[0;32m  OK  [0m] Started Serial Getty on ttyS0.
         Starting Set console scheme...
[[0;32m  OK  [0m] Started Set console scheme.
[[0;32m  OK  [0m] Started Login Service.
[[0;32m  OK  [0m] Started Unattended Upgrades Shutdown.
[[0;32m  OK  [0m] Created slice system-getty.slice.
[[0;32m  OK  [0m] Started Getty on tty1.
[[0;32m  OK  [0m] Reached target Login Prompts.
         Starting Authorization Manager...
[[0;32m  OK  [0m] Started LSB: automatic crash report generation.
[[0;32m  OK  [0m] Started LSB: Record successful boot for GRUB.
[[0;32m  OK  [0m] Started Authorization Manager.
[[0;32m  OK  [0m] Started Accounts Service.
[[0;32m  OK  [0m] Started LXD - container startup/shutdown.
[[0;32m  OK  [0m] Started Virtualbox guest utils.
[[0;32m  OK  [0m] Started Dispatcher daemon for systemd-networkd.
[[0;32m  OK  [0m] Started Snap Daemon.
         Starting Wait until snapd is fully seeded...
[[0;32m  OK  [0m] Started Pollinate to seed the pseudo random number generator.
         Starting OpenBSD Secure Shell server...
[[0;32m  OK  [0m] Started OpenBSD Secure Shell server.
[[0;32m  OK  [0m] Created slice User Slice of vagrant.
         Starting User Manager for UID 1000...
[[0;32m  OK  [0m] Started Session 1 of user vagrant.
[[0;32m  OK  [0m] Started User Manager for UID 1000.
[[0;32m  OK  [0m] Started Wait until snapd is fully seeded.
         Starting Apply the settings specified in cloud-config...
[[0;32m  OK  [0m] Reached target Multi-User System.
[[0;32m  OK  [0m] Reached target Graphical Interface.
         Starting Update UTMP about System Runlevel Changes...
[[0;32m  OK  [0m] Started Update UTMP about System Runlevel Changes.
[   17.764635] cloud-init[1005]: Cloud-init v. 20.3-2-g371b392c-0ubuntu1~18.04.1 running 'modules:config' at Thu, 24 Jun 2021 14:01:26 +0000. Up 16.30 seconds.

Ubuntu 18.04.5 LTS ubuntu-bionic ttyS0

ubuntu-bionic login: ci-info: no authorized SSH keys fingerprints found for user ubuntu.
<14>Jun 24 14:01:30 ec2: 
<14>Jun 24 14:01:30 ec2: #############################################################
<14>Jun 24 14:01:30 ec2: -----BEGIN SSH HOST KEY FINGERPRINTS-----
<14>Jun 24 14:01:30 ec2: 1024 SHA256:51FvKfkO2rIHaMKonrYdvWlNQ2BYyrErXyWDjZkwYEY root@ubuntu-bionic (DSA)
<14>Jun 24 14:01:30 ec2: 256 SHA256:ATs0ccD/GIDtKFEPhGgFWAj5reij3Z36s6pV7K5r4ZU root@ubuntu-bionic (ECDSA)
<14>Jun 24 14:01:30 ec2: 256 SHA256:JJO+vfVvQOCCkvbfTXZ0dl6+a9661hPzQfHRcOL6nug root@ubuntu-bionic (ED25519)
<14>Jun 24 14:01:30 ec2: 2048 SHA256:M71ZafrAMbURUlmG0G0EviZRv/QKe+KJy604r7klu3Y root@ubuntu-bionic (RSA)
<14>Jun 24 14:01:30 ec2: -----END SSH HOST KEY FINGERPRINTS-----
<14>Jun 24 14:01:30 ec2: #############################################################
-----BEGIN SSH HOST KEY KEYS-----
ecdsa-sha2-nistp256 AAAAE2VjZHNhLXNoYTItbmlzdHAyNTYAAAAIbmlzdHAyNTYAAABBBKEzaACEmU7oi1sB2VzsEPmRnjLC/qesUe5giAzqn05pqH31KPvR0UTn7soot71KB3OiQfQ34bQn/GhEgR8lqdg= root@ubuntu-bionic
ssh-ed25519 AAAAC3NzaC1lZDI1NTE5AAAAIGJ8SHp8A2lbOW47U+9koNMOiQ63NOo4HK1ercmm0r8Q root@ubuntu-bionic
ssh-rsa AAAAB3NzaC1yc2EAAAADAQABAAABAQC6gpurP5IjnSBrBUYf7gPi3RUWJUGiQYRq95/6iSGmJrobD2fyQcult/dABcbUoNq9lIF4SrOJoPKQ2qLUwf1GDhyzmhmEYXv9HK/j2MH6T6mXIFTMFcWEPwCsXrJyY5h52xOYsq1Zgxh6XSnQehpuuY9vKLV2gMvrU5jQ01Vgm2seD9+AYbmK5VVgmmqExf63Z4T1QKsSQNZqk6fMyeyuH1ILxdGMkekx1KYH1obY2eMxxrBMSmI5ciSUccifaXS/3KwFU9YQKWbCWluOl6Xuhwip59z1mPij00Cn2zVhUlbTQEnW1YqSacfZxyzoHlqfCMgmxu3C67jsOM4sFne/ root@ubuntu-bionic
-----END SSH HOST KEY KEYS-----
[   19.755039] cloud-init[1105]: Cloud-init v. 20.3-2-g371b392c-0ubuntu1~18.04.1 running 'modules:final' at Thu, 24 Jun 2021 14:01:29 +0000. Up 19.33 seconds.
[   19.764009] cloud-init[1105]: ci-info: no authorized SSH keys fingerprints found for user ubuntu.
[   19.772672] cloud-init[1105]: Cloud-init v. 20.3-2-g371b392c-0ubuntu1~18.04.1 finished at Thu, 24 Jun 2021 14:01:30 +0000. Datasource DataSourceNoCloud [seed=/dev/sdb][dsmode=net].  Up 19.74 seconds
